<?xml version="1.0" encoding="UTF-8"?>
<testsuite name="com.frauddetection.fraud_detection.FraudDetectionApplicationTests" tests="1" skipped="0" failures="0" errors="0" timestamp="2026-03-09T14:07:41.268Z" hostname="DESKTOP-HF39SS8" time="1.649">
  <properties/>
  <testcase name="contextLoads()" classname="com.frauddetection.fraud_detection.FraudDetectionApplicationTests" time="0.576"/>
  <system-out><![CDATA[17:07:41.439 [Test worker] INFO org.springframework.test.context.support.AnnotationConfigContextLoaderUtils -- Could not detect default configuration classes for test class [com.frauddetection.fraud_detection.FraudDetectionApplicationTests]: FraudDetectionApplicationTests does not declare any static, non-private, non-final, nested classes annotated with @Configuration.
17:07:41.529 [Test worker] INFO org.springframework.boot.test.context.SpringBootTestContextBootstrapper -- Found @SpringBootConfiguration com.frauddetection.fraud_detection.FraudDetectionApplication for test class com.frauddetection.fraud_detection.FraudDetectionApplicationTests

  .   ____          _            __ _ _
 /\\ / ___'_ __ _ _(_)_ __  __ _ \ \ \ \
( ( )\___ | '_ | '_| | '_ \/ _` | \ \ \ \
 \\/  ___)| |_)| | | | | || (_| |  ) ) ) )
  '  |____| .__|_| |_|_| |_\__, | / / / /
 =========|_|==============|___/=/_/_/_/

 :: Spring Boot ::                (v4.0.3)

2026-03-09T17:07:41.997+03:00  INFO 167544 --- [fraud-detection] [    Test worker] c.f.f.FraudDetectionApplicationTests     : Starting FraudDetectionApplicationTests using Java 22.0.2 with PID 167544 (started by golub in C:\Users\golub\IdeaProjects\fraud-detection-system)
2026-03-09T17:07:41.998+03:00  INFO 167544 --- [fraud-detection] [    Test worker] c.f.f.FraudDetectionApplicationTests     : No active profile set, falling back to 1 default profile: "default"
2026-03-09T17:07:42.336+03:00  INFO 167544 --- [fraud-detection] [    Test worker] c.f.f.FraudDetectionApplicationTests     : Started FraudDetectionApplicationTests in 0.671 seconds (process running for 1.822)
]]></system-out>
  <system-err><![CDATA[Mockito is currently self-attaching to enable the inline-mock-maker. This will no longer work in future releases of the JDK. Please add Mockito as an agent to your build as described in Mockito's documentation: https://javadoc.io/doc/org.mockito/mockito-core/latest/org.mockito/org/mockito/Mockito.html#0.3
WARNING: A Java agent has been loaded dynamically (C:\Users\golub\.gradle\caches\modules-2\files-2.1\net.bytebuddy\byte-buddy-agent\1.17.8\f09415827a71be7ed621c7bd02550678f28bc81c\byte-buddy-agent-1.17.8.jar)
WARNING: If a serviceability tool is in use, please run with -XX:+EnableDynamicAgentLoading to hide this warning
WARNING: If a serviceability tool is not in use, please run with -Djdk.instrument.traceUsage for more information
WARNING: Dynamic loading of agents will be disallowed by default in a future release
]]></system-err>
</testsuite>
